2024-06-01T23:17:01.876+03:00 DEBUG 43340 --- [http-nio-8080-exec-2] o.s.security.web.FilterChainProxy        : Securing GET /profile/4/favorites
2024-06-01T23:17:01.887+03:00 DEBUG 43340 --- [http-nio-8080-exec-2] o.s.security.web.FilterChainProxy        : Secured GET /profile/4/favorites
2024-06-01T23:17:01.901+03:00 ERROR 43340 --- [http-nio-8080-exec-2] org.thymeleaf.TemplateEngine             : [THYMELEAF][http-nio-8080-exec-2] Exception processing template "favorite_vacancies": An error happened during template parsing (template: "class path resource [templates/favorite_vacancies.html]")

org.thymeleaf.exceptions.TemplateInputException: An error happened during template parsing (template: "class path resource [templates/favorite_vacancies.html]")
	at org.thymeleaf.templateparser.markup.AbstractMarkupTemplateParser.parse(AbstractMarkupTemplateParser.java:241) ~[thymeleaf-3.1.2.RELEASE.jar:3.1.2.RELEASE]
	at org.thymeleaf.templateparser.markup.AbstractMarkupTemplateParser.parseStandalone(AbstractMarkupTemplateParser.java:100) ~[thymeleaf-3.1.2.RELEASE.jar:3.1.2.RELEASE]
	at org.thymeleaf.engine.TemplateManager.parseAndProcess(TemplateManager.java:666) ~[thymeleaf-3.1.2.RELEASE.jar:3.1.2.RELEASE]
	at org.thymeleaf.TemplateEngine.process(TemplateEngine.java:1103) ~[thymeleaf-3.1.2.RELEASE.jar:3.1.2.RELEASE]
	at org.thymeleaf.TemplateEngine.process(TemplateEngine.java:1077) ~[thymeleaf-3.1.2.RELEASE.jar:3.1.2.RELEASE]
	at org.thymeleaf.spring6.view.ThymeleafView.renderFragment(ThymeleafView.java:372) ~[thymeleaf-spring6-3.1.2.RELEASE.jar:3.1.2.RELEASE]
	at org.thymeleaf.spring6.view.ThymeleafView.render(ThymeleafView.java:192) ~[thymeleaf-spring6-3.1.2.RELEASE.jar:3.1.2.RELEASE]
	at org.springframework.web.servlet.DispatcherServlet.render(DispatcherServlet.java:1431) ~[spring-webmvc-6.1.8.jar:6.1.8]
	at org.springframework.web.servlet.DispatcherServlet.processDispatchResult(DispatcherServlet.java:1167) ~[spring-webmvc-6.1.8.jar:6.1.8]
	at org.springframework.web.servlet.DispatcherServlet.doDispatch(DispatcherServlet.java:1106) ~[spring-webmvc-6.1.8.jar:6.1.8]
	at org.springframework.web.servlet.DispatcherServlet.doService(DispatcherServlet.java:979) ~[spring-webmvc-6.1.8.jar:6.1.8]
	at org.springframework.web.servlet.FrameworkServlet.processRequest(FrameworkServlet.java:1014) ~[spring-webmvc-6.1.8.jar:6.1.8]
	at org.springframework.web.servlet.FrameworkServlet.doGet(FrameworkServlet.java:903) ~[spring-webmvc-6.1.8.jar:6.1.8]
	at jakarta.servlet.http.HttpServlet.service(HttpServlet.java:564) ~[tomcat-embed-core-10.1.24.jar:6.0]
	at org.springframework.web.servlet.FrameworkServlet.service(FrameworkServlet.java:885) ~[spring-webmvc-6.1.8.jar:6.1.8]
	at jakarta.servlet.http.HttpServlet.service(HttpServlet.java:658) ~[tomcat-embed-core-10.1.24.jar:6.0]
	at org.apache.catalina.core.ApplicationFilterChain.internalDoFilter(ApplicationFilterChain.java:195) ~[tomcat-embed-core-10.1.24.jar:10.1.24]
	at org.apache.catalina.core.ApplicationFilterChain.doFilter(ApplicationFilterChain.java:140) ~[tomcat-embed-core-10.1.24.jar:10.1.24]
	at org.apache.tomcat.websocket.server.WsFilter.doFilter(WsFilter.java:51) ~[tomcat-embed-websocket-10.1.24.jar:10.1.24]
	at org.apache.catalina.core.ApplicationFilterChain.internalDoFilter(ApplicationFilterChain.java:164) ~[tomcat-embed-core-10.1.24.jar:10.1.24]
	at org.apache.catalina.core.ApplicationFilterChain.doFilter(ApplicationFilterChain.java:140) ~[tomcat-embed-core-10.1.24.jar:10.1.24]
	at org.springframework.web.filter.OncePerRequestFilter.doFilter(OncePerRequestFilter.java:110) ~[spring-web-6.1.8.jar:6.1.8]
	at org.apache.catalina.core.ApplicationFilterChain.internalDoFilter(ApplicationFilterChain.java:164) ~[tomcat-embed-core-10.1.24.jar:10.1.24]
	at org.apache.catalina.core.ApplicationFilterChain.doFilter(ApplicationFilterChain.java:140) ~[tomcat-embed-core-10.1.24.jar:10.1.24]
	at org.springframework.web.filter.CompositeFilter$VirtualFilterChain.doFilter(CompositeFilter.java:108) ~[spring-web-6.1.8.jar:6.1.8]
	at org.springframework.security.web.FilterChainProxy.lambda$doFilterInternal$3(FilterChainProxy.java:231) ~[spring-security-web-6.3.0.jar:6.3.0]
	at org.springframework.security.web.FilterChainProxy$VirtualFilterChain.doFilter(FilterChainProxy.java:365) ~[spring-security-web-6.3.0.jar:6.3.0]
	at org.springframework.security.web.access.intercept.AuthorizationFilter.doFilter(AuthorizationFilter.java:100) ~[spring-security-web-6.3.0.jar:6.3.0]
	at org.springframework.security.web.FilterChainProxy$VirtualFilterChain.doFilter(FilterChainProxy.java:374) ~[spring-security-web-6.3.0.jar:6.3.0]
	at org.springframework.security.web.access.ExceptionTranslationFilter.doFilter(ExceptionTranslationFilter.java:126) ~[spring-security-web-6.3.0.jar:6.3.0]
	at org.springframework.security.web.access.ExceptionTranslationFilter.doFilter(ExceptionTranslationFilter.java:120) ~[spring-security-web-6.3.0.jar:6.3.0]
	at org.springframework.security.web.FilterChainProxy$VirtualFilterChain.doFilter(FilterChainProxy.java:374) ~[spring-security-web-6.3.0.jar:6.3.0]
	at org.springframework.security.web.session.SessionManagementFilter.doFilter(SessionManagementFilter.java:131) ~[spring-security-web-6.3.0.jar:6.3.0]
	at org.springframework.security.web.session.SessionManagementFilter.doFilter(SessionManagementFilter.java:85) ~[spring-security-web-6.3.0.jar:6.3.0]
	at org.springframework.security.web.FilterChainProxy$VirtualFilterChain.doFilter(FilterChainProxy.java:374) ~[spring-security-web-6.3.0.jar:6.3.0]
	at org.springframework.security.web.authentication.AnonymousAuthenticationFilter.doFilter(AnonymousAuthenticationFilter.java:100) ~[spring-security-web-6.3.0.jar:6.3.0]
	at org.springframework.security.web.FilterChainProxy$VirtualFilterChain.doFilter(FilterChainProxy.java:374) ~[spring-security-web-6.3.0.jar:6.3.0]
	at org.springframework.security.web.servletapi.SecurityContextHolderAwareRequestFilter.doFilter(SecurityContextHolderAwareRequestFilter.java:179) ~[spring-security-web-6.3.0.jar:6.3.0]
	at org.springframework.security.web.FilterChainProxy$VirtualFilterChain.doFilter(FilterChainProxy.java:374) ~[spring-security-web-6.3.0.jar:6.3.0]
	at org.springframework.security.web.savedrequest.RequestCacheAwareFilter.doFilter(RequestCacheAwareFilter.java:63) ~[spring-security-web-6.3.0.jar:6.3.0]
	at org.springframework.security.web.FilterChainProxy$VirtualFilterChain.doFilter(FilterChainProxy.java:374) ~[spring-security-web-6.3.0.jar:6.3.0]
	at com.Murc.Loc.Config.JwtAuthenticationFilter.doFilterInternal(JwtAuthenticationFilter.java:76) ~[classes/:na]
	at org.springframework.web.filter.OncePerRequestFilter.doFilter(OncePerRequestFilter.java:116) ~[spring-web-6.1.8.jar:6.1.8]
	at org.springframework.security.web.FilterChainProxy$VirtualFilterChain.doFilter(FilterChainProxy.java:374) ~[spring-security-web-6.3.0.jar:6.3.0]
	at org.springframework.security.web.authentication.logout.LogoutFilter.doFilter(LogoutFilter.java:107) ~[spring-security-web-6.3.0.jar:6.3.0]
	at org.springframework.security.web.authentication.logout.LogoutFilter.doFilter(LogoutFilter.java:93) ~[spring-security-web-6.3.0.jar:6.3.0]
	at org.springframework.security.web.FilterChainProxy$VirtualFilterChain.doFilter(FilterChainProxy.java:374) ~[spring-security-web-6.3.0.jar:6.3.0]
	at org.springframework.web.filter.CorsFilter.doFilterInternal(CorsFilter.java:91) ~[spring-web-6.1.8.jar:6.1.8]
	at org.springframework.web.filter.OncePerRequestFilter.doFilter(OncePerRequestFilter.java:116) ~[spring-web-6.1.8.jar:6.1.8]
	at org.springframework.security.web.FilterChainProxy$VirtualFilterChain.doFilter(FilterChainProxy.java:374) ~[spring-security-web-6.3.0.jar:6.3.0]
	at org.springframework.security.web.header.HeaderWriterFilter.doHeadersAfter(HeaderWriterFilter.java:90) ~[spring-security-web-6.3.0.jar:6.3.0]
	at org.springframework.security.web.header.HeaderWriterFilter.doFilterInternal(HeaderWriterFilter.java:75) ~[spring-security-web-6.3.0.jar:6.3.0]
	at org.springframework.web.filter.OncePerRequestFilter.doFilter(OncePerRequestFilter.java:116) ~[spring-web-6.1.8.jar:6.1.8]
	at org.springframework.security.web.FilterChainProxy$VirtualFilterChain.doFilter(FilterChainProxy.java:374) ~[spring-security-web-6.3.0.jar:6.3.0]
	at org.springframework.security.web.context.SecurityContextHolderFilter.doFilter(SecurityContextHolderFilter.java:82) ~[spring-security-web-6.3.0.jar:6.3.0]
	at org.springframework.security.web.context.SecurityContextHolderFilter.doFilter(SecurityContextHolderFilter.java:69) ~[spring-security-web-6.3.0.jar:6.3.0]
	at org.springframework.security.web.FilterChainProxy$VirtualFilterChain.doFilter(FilterChainProxy.java:374) ~[spring-security-web-6.3.0.jar:6.3.0]
	at org.springframework.security.web.context.request.async.WebAsyncManagerIntegrationFilter.doFilterInternal(WebAsyncManagerIntegrationFilter.java:62) ~[spring-security-web-6.3.0.jar:6.3.0]
	at org.springframework.web.filter.OncePerRequestFilter.doFilter(OncePerRequestFilter.java:116) ~[spring-web-6.1.8.jar:6.1.8]
	at org.springframework.security.web.FilterChainProxy$VirtualFilterChain.doFilter(FilterChainProxy.java:374) ~[spring-security-web-6.3.0.jar:6.3.0]
	at org.springframework.security.web.session.DisableEncodeUrlFilter.doFilterInternal(DisableEncodeUrlFilter.java:42) ~[spring-security-web-6.3.0.jar:6.3.0]
	at org.springframework.web.filter.OncePerRequestFilter.doFilter(OncePerRequestFilter.java:116) ~[spring-web-6.1.8.jar:6.1.8]
	at org.springframework.security.web.FilterChainProxy$VirtualFilterChain.doFilter(FilterChainProxy.java:374) ~[spring-security-web-6.3.0.jar:6.3.0]
	at org.springframework.security.web.FilterChainProxy.doFilterInternal(FilterChainProxy.java:233) ~[spring-security-web-6.3.0.jar:6.3.0]
	at org.springframework.security.web.FilterChainProxy.doFilter(FilterChainProxy.java:191) ~[spring-security-web-6.3.0.jar:6.3.0]
	at org.springframework.web.filter.CompositeFilter$VirtualFilterChain.doFilter(CompositeFilter.java:113) ~[spring-web-6.1.8.jar:6.1.8]
	at org.springframework.web.servlet.handler.HandlerMappingIntrospector.lambda$createCacheFilter$3(HandlerMappingIntrospector.java:195) ~[spring-webmvc-6.1.8.jar:6.1.8]
	at org.springframework.web.filter.CompositeFilter$VirtualFilterChain.doFilter(CompositeFilter.java:113) ~[spring-web-6.1.8.jar:6.1.8]
	at org.springframework.web.filter.CompositeFilter.doFilter(CompositeFilter.java:74) ~[spring-web-6.1.8.jar:6.1.8]
	at org.springframework.security.config.annotation.web.configuration.WebMvcSecurityConfiguration$CompositeFilterChainProxy.doFilter(WebMvcSecurityConfiguration.java:230) ~[spring-security-config-6.3.0.jar:6.3.0]
	at org.springframework.web.filter.DelegatingFilterProxy.invokeDelegate(DelegatingFilterProxy.java:352) ~[spring-web-6.1.8.jar:6.1.8]
	at org.springframework.web.filter.DelegatingFilterProxy.doFilter(DelegatingFilterProxy.java:268) ~[spring-web-6.1.8.jar:6.1.8]
	at org.apache.catalina.core.ApplicationFilterChain.internalDoFilter(ApplicationFilterChain.java:164) ~[tomcat-embed-core-10.1.24.jar:10.1.24]
	at org.apache.catalina.core.ApplicationFilterChain.doFilter(ApplicationFilterChain.java:140) ~[tomcat-embed-core-10.1.24.jar:10.1.24]
	at org.springframework.web.filter.RequestContextFilter.doFilterInternal(RequestContextFilter.java:100) ~[spring-web-6.1.8.jar:6.1.8]
	at org.springframework.web.filter.OncePerRequestFilter.doFilter(OncePerRequestFilter.java:116) ~[spring-web-6.1.8.jar:6.1.8]
	at org.apache.catalina.core.ApplicationFilterChain.internalDoFilter(ApplicationFilterChain.java:164) ~[tomcat-embed-core-10.1.24.jar:10.1.24]
	at org.apache.catalina.core.ApplicationFilterChain.doFilter(ApplicationFilterChain.java:140) ~[tomcat-embed-core-10.1.24.jar:10.1.24]
	at org.springframework.web.filter.FormContentFilter.doFilterInternal(FormContentFilter.java:93) ~[spring-web-6.1.8.jar:6.1.8]
	at org.springframework.web.filter.OncePerRequestFilter.doFilter(OncePerRequestFilter.java:116) ~[spring-web-6.1.8.jar:6.1.8]
	at org.apache.catalina.core.ApplicationFilterChain.internalDoFilter(ApplicationFilterChain.java:164) ~[tomcat-embed-core-10.1.24.jar:10.1.24]
	at org.apache.catalina.core.ApplicationFilterChain.doFilter(ApplicationFilterChain.java:140) ~[tomcat-embed-core-10.1.24.jar:10.1.24]
	at org.springframework.web.filter.CharacterEncodingFilter.doFilterInternal(CharacterEncodingFilter.java:201) ~[spring-web-6.1.8.jar:6.1.8]
	at org.springframework.web.filter.OncePerRequestFilter.doFilter(OncePerRequestFilter.java:116) ~[spring-web-6.1.8.jar:6.1.8]
	at org.apache.catalina.core.ApplicationFilterChain.internalDoFilter(ApplicationFilterChain.java:164) ~[tomcat-embed-core-10.1.24.jar:10.1.24]
	at org.apache.catalina.core.ApplicationFilterChain.doFilter(ApplicationFilterChain.java:140) ~[tomcat-embed-core-10.1.24.jar:10.1.24]
	at org.apache.catalina.core.StandardWrapperValve.invoke(StandardWrapperValve.java:167) ~[tomcat-embed-core-10.1.24.jar:10.1.24]
	at org.apache.catalina.core.StandardContextValve.invoke(StandardContextValve.java:90) ~[tomcat-embed-core-10.1.24.jar:10.1.24]
	at org.apache.catalina.authenticator.AuthenticatorBase.invoke(AuthenticatorBase.java:482) ~[tomcat-embed-core-10.1.24.jar:10.1.24]
	at org.apache.catalina.core.StandardHostValve.invoke(StandardHostValve.java:115) ~[tomcat-embed-core-10.1.24.jar:10.1.24]
	at org.apache.catalina.valves.ErrorReportValve.invoke(ErrorReportValve.java:93) ~[tomcat-embed-core-10.1.24.jar:10.1.24]
	at org.apache.catalina.core.StandardEngineValve.invoke(StandardEngineValve.java:74) ~[tomcat-embed-core-10.1.24.jar:10.1.24]
	at org.apache.catalina.connector.CoyoteAdapter.service(CoyoteAdapter.java:344) ~[tomcat-embed-core-10.1.24.jar:10.1.24]
	at org.apache.coyote.http11.Http11Processor.service(Http11Processor.java:389) ~[tomcat-embed-core-10.1.24.jar:10.1.24]
	at org.apache.coyote.AbstractProcessorLight.process(AbstractProcessorLight.java:63) ~[tomcat-embed-core-10.1.24.jar:10.1.24]
	at org.apache.coyote.AbstractProtocol$ConnectionHandler.process(AbstractProtocol.java:896) ~[tomcat-embed-core-10.1.24.jar:10.1.24]
	at org.apache.tomcat.util.net.NioEndpoint$SocketProcessor.doRun(NioEndpoint.java:1741) ~[tomcat-embed-core-10.1.24.jar:10.1.24]
	at org.apache.tomcat.util.net.SocketProcessorBase.run(SocketProcessorBase.java:52) ~[tomcat-embed-core-10.1.24.jar:10.1.24]
	at org.apache.tomcat.util.threads.ThreadPoolExecutor.runWorker(ThreadPoolExecutor.java:1190) ~[tomcat-embed-core-10.1.24.jar:10.1.24]
	at org.apache.tomcat.util.threads.ThreadPoolExecutor$Worker.run(ThreadPoolExecutor.java:659) ~[tomcat-embed-core-10.1.24.jar:10.1.24]
	at org.apache.tomcat.util.threads.TaskThread$WrappingRunnable.run(TaskThread.java:63) ~[tomcat-embed-core-10.1.24.jar:10.1.24]
	at java.base/java.lang.Thread.run(Thread.java:1589) ~[na:na]
Caused by: org.attoparser.ParseException: Exception evaluating SpringEL expression: "vacancy.title" (template: "favorite_vacancies" - line 64, col 21)
	at org.attoparser.MarkupParser.parseDocument(MarkupParser.java:393) ~[attoparser-2.0.7.RELEASE.jar:2.0.7.RELEASE]
	at org.attoparser.MarkupParser.parse(MarkupParser.java:257) ~[attoparser-2.0.7.RELEASE.jar:2.0.7.RELEASE]
	at org.thymeleaf.templateparser.markup.AbstractMarkupTemplateParser.parse(AbstractMarkupTemplateParser.java:230) ~[thymeleaf-3.1.2.RELEASE.jar:3.1.2.RELEASE]
	... 101 common frames omitted
Caused by: org.thymeleaf.exceptions.TemplateProcessingException: Exception evaluating SpringEL expression: "vacancy.title" (template: "favorite_vacancies" - line 64, col 21)
	at org.thymeleaf.spring6.expression.SPELVariableExpressionEvaluator.evaluate(SPELVariableExpressionEvaluator.java:292) ~[thymeleaf-spring6-3.1.2.RELEASE.jar:3.1.2.RELEASE]
	at org.thymeleaf.standard.expression.VariableExpression.executeVariableExpression(VariableExpression.java:166) ~[thymeleaf-3.1.2.RELEASE.jar:3.1.2.RELEASE]
	at org.thymeleaf.standard.expression.SimpleExpression.executeSimple(SimpleExpression.java:66) ~[thymeleaf-3.1.2.RELEASE.jar:3.1.2.RELEASE]
	at org.thymeleaf.standard.expression.Expression.execute(Expression.java:109) ~[thymeleaf-3.1.2.RELEASE.jar:3.1.2.RELEASE]
	at org.thymeleaf.standard.expression.Expression.execute(Expression.java:138) ~[thymeleaf-3.1.2.RELEASE.jar:3.1.2.RELEASE]
	at org.thymeleaf.standard.processor.AbstractStandardExpressionAttributeTagProcessor.doProcess(AbstractStandardExpressionAttributeTagProcessor.java:144) ~[thymeleaf-3.1.2.RELEASE.jar:3.1.2.RELEASE]
	at org.thymeleaf.processor.element.AbstractAttributeTagProcessor.doProcess(AbstractAttributeTagProcessor.java:74) ~[thymeleaf-3.1.2.RELEASE.jar:3.1.2.RELEASE]
	at org.thymeleaf.processor.element.AbstractElementTagProcessor.process(AbstractElementTagProcessor.java:95) ~[thymeleaf-3.1.2.RELEASE.jar:3.1.2.RELEASE]
	at org.thymeleaf.util.ProcessorConfigurationUtils$ElementTagProcessorWrapper.process(ProcessorConfigurationUtils.java:633) ~[thymeleaf-3.1.2.RELEASE.jar:3.1.2.RELEASE]
	at org.thymeleaf.engine.ProcessorTemplateHandler.handleOpenElement(ProcessorTemplateHandler.java:1314) ~[thymeleaf-3.1.2.RELEASE.jar:3.1.2.RELEASE]
	at org.thymeleaf.engine.OpenElementTag.beHandled(OpenElementTag.java:205) ~[thymeleaf-3.1.2.RELEASE.jar:3.1.2.RELEASE]
	at org.thymeleaf.engine.Model.process(Model.java:282) ~[thymeleaf-3.1.2.RELEASE.jar:3.1.2.RELEASE]
	at org.thymeleaf.engine.Model.process(Model.java:290) ~[thymeleaf-3.1.2.RELEASE.jar:3.1.2.RELEASE]
	at org.thymeleaf.engine.IteratedGatheringModelProcessable.processIterationModel(IteratedGatheringModelProcessable.java:368) ~[thymeleaf-3.1.2.RELEASE.jar:3.1.2.RELEASE]
	at org.thymeleaf.engine.IteratedGatheringModelProcessable.process(IteratedGatheringModelProcessable.java:222) ~[thymeleaf-3.1.2.RELEASE.jar:3.1.2.RELEASE]
	at org.thymeleaf.engine.ProcessorTemplateHandler.handleCloseElement(ProcessorTemplateHandler.java:1640) ~[thymeleaf-3.1.2.RELEASE.jar:3.1.2.RELEASE]
	at org.thymeleaf.engine.TemplateHandlerAdapterMarkupHandler.handleCloseElementEnd(TemplateHandlerAdapterMarkupHandler.java:388) ~[thymeleaf-3.1.2.RELEASE.jar:3.1.2.RELEASE]
	at org.thymeleaf.templateparser.markup.InlinedOutputExpressionMarkupHandler$InlineMarkupAdapterPreProcessorHandler.handleCloseElementEnd(InlinedOutputExpressionMarkupHandler.java:322) ~[thymeleaf-3.1.2.RELEASE.jar:3.1.2.RELEASE]
	at org.thymeleaf.standard.inline.OutputExpressionInlinePreProcessorHandler.handleCloseElementEnd(OutputExpressionInlinePreProcessorHandler.java:220) ~[thymeleaf-3.1.2.RELEASE.jar:3.1.2.RELEASE]
	at org.thymeleaf.templateparser.markup.InlinedOutputExpressionMarkupHandler.handleCloseElementEnd(InlinedOutputExpressionMarkupHandler.java:164) ~[thymeleaf-3.1.2.RELEASE.jar:3.1.2.RELEASE]
	at org.attoparser.HtmlElement.handleCloseElementEnd(HtmlElement.java:169) ~[attoparser-2.0.7.RELEASE.jar:2.0.7.RELEASE]
	at org.attoparser.HtmlMarkupHandler.handleCloseElementEnd(HtmlMarkupHandler.java:412) ~[attoparser-2.0.7.RELEASE.jar:2.0.7.RELEASE]
	at org.attoparser.MarkupEventProcessorHandler.handleCloseElementEnd(MarkupEventProcessorHandler.java:473) ~[attoparser-2.0.7.RELEASE.jar:2.0.7.RELEASE]
	at org.attoparser.ParsingElementMarkupUtil.parseCloseElement(ParsingElementMarkupUtil.java:201) ~[attoparser-2.0.7.RELEASE.jar:2.0.7.RELEASE]
	at org.attoparser.MarkupParser.parseBuffer(MarkupParser.java:725) ~[attoparser-2.0.7.RELEASE.jar:2.0.7.RELEASE]
	at org.attoparser.MarkupParser.parseDocument(MarkupParser.java:301) ~[attoparser-2.0.7.RELEASE.jar:2.0.7.RELEASE]
	... 103 common frames omitted
Caused by: org.springframework.expression.spel.SpelEvaluationException: EL1008E: Property or field 'title' cannot be found on object of type 'com.Murc.Loc.Model.Vacancy' - maybe not public or not valid?
	at org.springframework.expression.spel.ast.PropertyOrFieldReference.readProperty(PropertyOrFieldReference.java:229) ~[spring-expression-6.1.8.jar:6.1.8]
	at org.springframework.expression.spel.ast.PropertyOrFieldReference.getValueInternal(PropertyOrFieldReference.java:112) ~[spring-expression-6.1.8.jar:6.1.8]
	at org.springframework.expression.spel.ast.PropertyOrFieldReference$AccessorValueRef.getValue(PropertyOrFieldReference.java:417) ~[spring-expression-6.1.8.jar:6.1.8]
	at org.springframework.expression.spel.ast.CompoundExpression.getValueInternal(CompoundExpression.java:97) ~[spring-expression-6.1.8.jar:6.1.8]
	at org.springframework.expression.spel.ast.SpelNodeImpl.getValue(SpelNodeImpl.java:114) ~[spring-expression-6.1.8.jar:6.1.8]
	at org.springframework.expression.spel.standard.SpelExpression.getValue(SpelExpression.java:338) ~[spring-expression-6.1.8.jar:6.1.8]
	at org.thymeleaf.spring6.expression.SPELVariableExpressionEvaluator.evaluate(SPELVariableExpressionEvaluator.java:265) ~[thymeleaf-spring6-3.1.2.RELEASE.jar:3.1.2.RELEASE]
	... 128 common frames omitted

2024-06-01T23:17:01.912+03:00 ERROR 43340 --- [http-nio-8080-exec-2] o.a.c.c.C.[.[.[/].[dispatcherServlet]    : Servlet.service() for servlet [dispatcherServlet] in context with path [] threw exception [Request processing failed: org.thymeleaf.exceptions.TemplateInputException: An error happened during template parsing (template: "class path resource [templates/favorite_vacancies.html]")] with root cause

org.springframework.expression.spel.SpelEvaluationException: EL1008E: Property or field 'title' cannot be found on object of type 'com.Murc.Loc.Model.Vacancy' - maybe not public or not valid?
	at org.springframework.expression.spel.ast.PropertyOrFieldReference.readProperty(PropertyOrFieldReference.java:229) ~[spring-expression-6.1.8.jar:6.1.8]
	at org.springframework.expression.spel.ast.PropertyOrFieldReference.getValueInternal(PropertyOrFieldReference.java:112) ~[spring-expression-6.1.8.jar:6.1.8]
	at org.springframework.expression.spel.ast.PropertyOrFieldReference$AccessorValueRef.getValue(PropertyOrFieldReference.java:417) ~[spring-expression-6.1.8.jar:6.1.8]
	at org.springframework.expression.spel.ast.CompoundExpression.getValueInternal(CompoundExpression.java:97) ~[spring-expression-6.1.8.jar:6.1.8]
	at org.springframework.expression.spel.ast.SpelNodeImpl.getValue(SpelNodeImpl.java:114) ~[spring-expression-6.1.8.jar:6.1.8]
	at org.springframework.expression.spel.standard.SpelExpression.getValue(SpelExpression.java:338) ~[spring-expression-6.1.8.jar:6.1.8]
	at org.thymeleaf.spring6.expression.SPELVariableExpressionEvaluator.evaluate(SPELVariableExpressionEvaluator.java:265) ~[thymeleaf-spring6-3.1.2.RELEASE.jar:3.1.2.RELEASE]
	at org.thymeleaf.standard.expression.VariableExpression.executeVariableExpression(VariableExpression.java:166) ~[thymeleaf-3.1.2.RELEASE.jar:3.1.2.RELEASE]
	at org.thymeleaf.standard.expression.SimpleExpression.executeSimple(SimpleExpression.java:66) ~[thymeleaf-3.1.2.RELEASE.jar:3.1.2.RELEASE]
	at org.thymeleaf.standard.expression.Expression.execute(Expression.java:109) ~[thymeleaf-3.1.2.RELEASE.jar:3.1.2.RELEASE]
	at org.thymeleaf.standard.expression.Expression.execute(Expression.java:138) ~[thymeleaf-3.1.2.RELEASE.jar:3.1.2.RELEASE]
	at org.thymeleaf.standard.processor.AbstractStandardExpressionAttributeTagProcessor.doProcess(AbstractStandardExpressionAttributeTagProcessor.java:144) ~[thymeleaf-3.1.2.RELEASE.jar:3.1.2.RELEASE]
	at org.thymeleaf.processor.element.AbstractAttributeTagProcessor.doProcess(AbstractAttributeTagProcessor.java:74) ~[thymeleaf-3.1.2.RELEASE.jar:3.1.2.RELEASE]
	at org.thymeleaf.processor.element.AbstractElementTagProcessor.process(AbstractElementTagProcessor.java:95) ~[thymeleaf-3.1.2.RELEASE.jar:3.1.2.RELEASE]
	at org.thymeleaf.util.ProcessorConfigurationUtils$ElementTagProcessorWrapper.process(ProcessorConfigurationUtils.java:633) ~[thymeleaf-3.1.2.RELEASE.jar:3.1.2.RELEASE]
	at org.thymeleaf.engine.ProcessorTemplateHandler.handleOpenElement(ProcessorTemplateHandler.java:1314) ~[thymeleaf-3.1.2.RELEASE.jar:3.1.2.RELEASE]
	at org.thymeleaf.engine.OpenElementTag.beHandled(OpenElementTag.java:205) ~[thymeleaf-3.1.2.RELEASE.jar:3.1.2.RELEASE]
	at org.thymeleaf.engine.Model.process(Model.java:282) ~[thymeleaf-3.1.2.RELEASE.jar:3.1.2.RELEASE]
	at org.thymeleaf.engine.Model.process(Model.java:290) ~[thymeleaf-3.1.2.RELEASE.jar:3.1.2.RELEASE]
	at org.thymeleaf.engine.IteratedGatheringModelProcessable.processIterationModel(IteratedGatheringModelProcessable.java:368) ~[thymeleaf-3.1.2.RELEASE.jar:3.1.2.RELEASE]
	at org.thymeleaf.engine.IteratedGatheringModelProcessable.process(IteratedGatheringModelProcessable.java:222) ~[thymeleaf-3.1.2.RELEASE.jar:3.1.2.RELEASE]
	at org.thymeleaf.engine.ProcessorTemplateHandler.handleCloseElement(ProcessorTemplateHandler.java:1640) ~[thymeleaf-3.1.2.RELEASE.jar:3.1.2.RELEASE]
	at org.thymeleaf.engine.TemplateHandlerAdapterMarkupHandler.handleCloseElementEnd(TemplateHandlerAdapterMarkupHandler.java:388) ~[thymeleaf-3.1.2.RELEASE.jar:3.1.2.RELEASE]
	at org.thymeleaf.templateparser.markup.InlinedOutputExpressionMarkupHandler$InlineMarkupAdapterPreProcessorHandler.handleCloseElementEnd(InlinedOutputExpressionMarkupHandler.java:322) ~[thymeleaf-3.1.2.RELEASE.jar:3.1.2.RELEASE]
	at org.thymeleaf.standard.inline.OutputExpressionInlinePreProcessorHandler.handleCloseElementEnd(OutputExpressionInlinePreProcessorHandler.java:220) ~[thymeleaf-3.1.2.RELEASE.jar:3.1.2.RELEASE]
	at org.thymeleaf.templateparser.markup.InlinedOutputExpressionMarkupHandler.handleCloseElementEnd(InlinedOutputExpressionMarkupHandler.java:164) ~[thymeleaf-3.1.2.RELEASE.jar:3.1.2.RELEASE]
	at org.attoparser.HtmlElement.handleCloseElementEnd(HtmlElement.java:169) ~[attoparser-2.0.7.RELEASE.jar:2.0.7.RELEASE]
	at org.attoparser.HtmlMarkupHandler.handleCloseElementEnd(HtmlMarkupHandler.java:412) ~[attoparser-2.0.7.RELEASE.jar:2.0.7.RELEASE]
	at org.attoparser.MarkupEventProcessorHandler.handleCloseElementEnd(MarkupEventProcessorHandler.java:473) ~[attoparser-2.0.7.RELEASE.jar:2.0.7.RELEASE]
	at org.attoparser.ParsingElementMarkupUtil.parseCloseElement(ParsingElementMarkupUtil.java:201) ~[attoparser-2.0.7.RELEASE.jar:2.0.7.RELEASE]
	at org.attoparser.MarkupParser.parseBuffer(MarkupParser.java:725) ~[attoparser-2.0.7.RELEASE.jar:2.0.7.RELEASE]
	at org.attoparser.MarkupParser.parseDocument(MarkupParser.java:301) ~[attoparser-2.0.7.RELEASE.jar:2.0.7.RELEASE]
	at org.attoparser.MarkupParser.parse(MarkupParser.java:257) ~[attoparser-2.0.7.RELEASE.jar:2.0.7.RELEASE]
	at org.thymeleaf.templateparser.markup.AbstractMarkupTemplateParser.parse(AbstractMarkupTemplateParser.java:230) ~[thymeleaf-3.1.2.RELEASE.jar:3.1.2.RELEASE]
	at org.thymeleaf.templateparser.markup.AbstractMarkupTemplateParser.parseStandalone(AbstractMarkupTemplateParser.java:100) ~[thymeleaf-3.1.2.RELEASE.jar:3.1.2.RELEASE]
	at org.thymeleaf.engine.TemplateManager.parseAndProcess(TemplateManager.java:666) ~[thymeleaf-3.1.2.RELEASE.jar:3.1.2.RELEASE]
	at org.thymeleaf.TemplateEngine.process(TemplateEngine.java:1103) ~[thymeleaf-3.1.2.RELEASE.jar:3.1.2.RELEASE]
	at org.thymeleaf.TemplateEngine.process(TemplateEngine.java:1077) ~[thymeleaf-3.1.2.RELEASE.jar:3.1.2.RELEASE]
	at org.thymeleaf.spring6.view.ThymeleafView.renderFragment(ThymeleafView.java:372) ~[thymeleaf-spring6-3.1.2.RELEASE.jar:3.1.2.RELEASE]
	at org.thymeleaf.spring6.view.ThymeleafView.render(ThymeleafView.java:192) ~[thymeleaf-spring6-3.1.2.RELEASE.jar:3.1.2.RELEASE]
	at org.springframework.web.servlet.DispatcherServlet.render(DispatcherServlet.java:1431) ~[spring-webmvc-6.1.8.jar:6.1.8]
	at org.springframework.web.servlet.DispatcherServlet.processDispatchResult(DispatcherServlet.java:1167) ~[spring-webmvc-6.1.8.jar:6.1.8]
	at org.springframework.web.servlet.DispatcherServlet.doDispatch(DispatcherServlet.java:1106) ~[spring-webmvc-6.1.8.jar:6.1.8]
	at org.springframework.web.servlet.DispatcherServlet.doService(DispatcherServlet.java:979) ~[spring-webmvc-6.1.8.jar:6.1.8]
	at org.springframework.web.servlet.FrameworkServlet.processRequest(FrameworkServlet.java:1014) ~[spring-webmvc-6.1.8.jar:6.1.8]
	at org.springframework.web.servlet.FrameworkServlet.doGet(FrameworkServlet.java:903) ~[spring-webmvc-6.1.8.jar:6.1.8]
	at jakarta.servlet.http.HttpServlet.service(HttpServlet.java:564) ~[tomcat-embed-core-10.1.24.jar:6.0]
	at org.springframework.web.servlet.FrameworkServlet.service(FrameworkServlet.java:885) ~[spring-webmvc-6.1.8.jar:6.1.8]
	at jakarta.servlet.http.HttpServlet.service(HttpServlet.java:658) ~[tomcat-embed-core-10.1.24.jar:6.0]
	at org.apache.catalina.core.ApplicationFilterChain.internalDoFilter(ApplicationFilterChain.java:195) ~[tomcat-embed-core-10.1.24.jar:10.1.24]
	at org.apache.catalina.core.ApplicationFilterChain.doFilter(ApplicationFilterChain.java:140) ~[tomcat-embed-core-10.1.24.jar:10.1.24]
	at org.apache.tomcat.websocket.server.WsFilter.doFilter(WsFilter.java:51) ~[tomcat-embed-websocket-10.1.24.jar:10.1.24]
	at org.apache.catalina.core.ApplicationFilterChain.internalDoFilter(ApplicationFilterChain.java:164) ~[tomcat-embed-core-10.1.24.jar:10.1.24]
	at org.apache.catalina.core.ApplicationFilterChain.doFilter(ApplicationFilterChain.java:140) ~[tomcat-embed-core-10.1.24.jar:10.1.24]
	at org.springframework.web.filter.OncePerRequestFilter.doFilter(OncePerRequestFilter.java:110) ~[spring-web-6.1.8.jar:6.1.8]
	at org.apache.catalina.core.ApplicationFilterChain.internalDoFilter(ApplicationFilterChain.java:164) ~[tomcat-embed-core-10.1.24.jar:10.1.24]
	at org.apache.catalina.core.ApplicationFilterChain.doFilter(ApplicationFilterChain.java:140) ~[tomcat-embed-core-10.1.24.jar:10.1.24]
	at org.springframework.web.filter.CompositeFilter$VirtualFilterChain.doFilter(CompositeFilter.java:108) ~[spring-web-6.1.8.jar:6.1.8]
	at org.springframework.security.web.FilterChainProxy.lambda$doFilterInternal$3(FilterChainProxy.java:231) ~[spring-security-web-6.3.0.jar:6.3.0]
	at org.springframework.security.web.FilterChainProxy$VirtualFilterChain.doFilter(FilterChainProxy.java:365) ~[spring-security-web-6.3.0.jar:6.3.0]
	at org.springframework.security.web.access.intercept.AuthorizationFilter.doFilter(AuthorizationFilter.java:100) ~[spring-security-web-6.3.0.jar:6.3.0]
	at org.springframework.security.web.FilterChainProxy$VirtualFilterChain.doFilter(FilterChainProxy.java:374) ~[spring-security-web-6.3.0.jar:6.3.0]
	at org.springframework.security.web.access.ExceptionTranslationFilter.doFilter(ExceptionTranslationFilter.java:126) ~[spring-security-web-6.3.0.jar:6.3.0]
	at org.springframework.security.web.access.ExceptionTranslationFilter.doFilter(ExceptionTranslationFilter.java:120) ~[spring-security-web-6.3.0.jar:6.3.0]
	at org.springframework.security.web.FilterChainProxy$VirtualFilterChain.doFilter(FilterChainProxy.java:374) ~[spring-security-web-6.3.0.jar:6.3.0]
	at org.springframework.security.web.session.SessionManagementFilter.doFilter(SessionManagementFilter.java:131) ~[spring-security-web-6.3.0.jar:6.3.0]
	at org.springframework.security.web.session.SessionManagementFilter.doFilter(SessionManagementFilter.java:85) ~[spring-security-web-6.3.0.jar:6.3.0]
	at org.springframework.security.web.FilterChainProxy$VirtualFilterChain.doFilter(FilterChainProxy.java:374) ~[spring-security-web-6.3.0.jar:6.3.0]
	at org.springframework.security.web.authentication.AnonymousAuthenticationFilter.doFilter(AnonymousAuthenticationFilter.java:100) ~[spring-security-web-6.3.0.jar:6.3.0]
	at org.springframework.security.web.FilterChainProxy$VirtualFilterChain.doFilter(FilterChainProxy.java:374) ~[spring-security-web-6.3.0.jar:6.3.0]
	at org.springframework.security.web.servletapi.SecurityContextHolderAwareRequestFilter.doFilter(SecurityContextHolderAwareRequestFilter.java:179) ~[spring-security-web-6.3.0.jar:6.3.0]
	at org.springframework.security.web.FilterChainProxy$VirtualFilterChain.doFilter(FilterChainProxy.java:374) ~[spring-security-web-6.3.0.jar:6.3.0]
	at org.springframework.security.web.savedrequest.RequestCacheAwareFilter.doFilter(RequestCacheAwareFilter.java:63) ~[spring-security-web-6.3.0.jar:6.3.0]
	at org.springframework.security.web.FilterChainProxy$VirtualFilterChain.doFilter(FilterChainProxy.java:374) ~[spring-security-web-6.3.0.jar:6.3.0]
	at com.Murc.Loc.Config.JwtAuthenticationFilter.doFilterInternal(JwtAuthenticationFilter.java:76) ~[classes/:na]
	at org.springframework.web.filter.OncePerRequestFilter.doFilter(OncePerRequestFilter.java:116) ~[spring-web-6.1.8.jar:6.1.8]
	at org.springframework.security.web.FilterChainProxy$VirtualFilterChain.doFilter(FilterChainProxy.java:374) ~[spring-security-web-6.3.0.jar:6.3.0]
	at org.springframework.security.web.authentication.logout.LogoutFilter.doFilter(LogoutFilter.java:107) ~[spring-security-web-6.3.0.jar:6.3.0]
	at org.springframework.security.web.authentication.logout.LogoutFilter.doFilter(LogoutFilter.java:93) ~[spring-security-web-6.3.0.jar:6.3.0]
	at org.springframework.security.web.FilterChainProxy$VirtualFilterChain.doFilter(FilterChainProxy.java:374) ~[spring-security-web-6.3.0.jar:6.3.0]
	at org.springframework.web.filter.CorsFilter.doFilterInternal(CorsFilter.java:91) ~[spring-web-6.1.8.jar:6.1.8]
	at org.springframework.web.filter.OncePerRequestFilter.doFilter(OncePerRequestFilter.java:116) ~[spring-web-6.1.8.jar:6.1.8]
	at org.springframework.security.web.FilterChainProxy$VirtualFilterChain.doFilter(FilterChainProxy.java:374) ~[spring-security-web-6.3.0.jar:6.3.0]
	at org.springframework.security.web.header.HeaderWriterFilter.doHeadersAfter(HeaderWriterFilter.java:90) ~[spring-security-web-6.3.0.jar:6.3.0]
	at org.springframework.security.web.header.HeaderWriterFilter.doFilterInternal(HeaderWriterFilter.java:75) ~[spring-security-web-6.3.0.jar:6.3.0]
	at org.springframework.web.filter.OncePerRequestFilter.doFilter(OncePerRequestFilter.java:116) ~[spring-web-6.1.8.jar:6.1.8]
	at org.springframework.security.web.FilterChainProxy$VirtualFilterChain.doFilter(FilterChainProxy.java:374) ~[spring-security-web-6.3.0.jar:6.3.0]
	at org.springframework.security.web.context.SecurityContextHolderFilter.doFilter(SecurityContextHolderFilter.java:82) ~[spring-security-web-6.3.0.jar:6.3.0]
	at org.springframework.security.web.context.SecurityContextHolderFilter.doFilter(SecurityContextHolderFilter.java:69) ~[spring-security-web-6.3.0.jar:6.3.0]
	at org.springframework.security.web.FilterChainProxy$VirtualFilterChain.doFilter(FilterChainProxy.java:374) ~[spring-security-web-6.3.0.jar:6.3.0]
	at org.springframework.security.web.context.request.async.WebAsyncManagerIntegrationFilter.doFilterInternal(WebAsyncManagerIntegrationFilter.java:62) ~[spring-security-web-6.3.0.jar:6.3.0]
	at org.springframework.web.filter.OncePerRequestFilter.doFilter(OncePerRequestFilter.java:116) ~[spring-web-6.1.8.jar:6.1.8]
	at org.springframework.security.web.FilterChainProxy$VirtualFilterChain.doFilter(FilterChainProxy.java:374) ~[spring-security-web-6.3.0.jar:6.3.0]
	at org.springframework.security.web.session.DisableEncodeUrlFilter.doFilterInternal(DisableEncodeUrlFilter.java:42) ~[spring-security-web-6.3.0.jar:6.3.0]
	at org.springframework.web.filter.OncePerRequestFilter.doFilter(OncePerRequestFilter.java:116) ~[spring-web-6.1.8.jar:6.1.8]
	at org.springframework.security.web.FilterChainProxy$VirtualFilterChain.doFilter(FilterChainProxy.java:374) ~[spring-security-web-6.3.0.jar:6.3.0]
	at org.springframework.security.web.FilterChainProxy.doFilterInternal(FilterChainProxy.java:233) ~[spring-security-web-6.3.0.jar:6.3.0]
	at org.springframework.security.web.FilterChainProxy.doFilter(FilterChainProxy.java:191) ~[spring-security-web-6.3.0.jar:6.3.0]
	at org.springframework.web.filter.CompositeFilter$VirtualFilterChain.doFilter(CompositeFilter.java:113) ~[spring-web-6.1.8.jar:6.1.8]
	at org.springframework.web.servlet.handler.HandlerMappingIntrospector.lambda$createCacheFilter$3(HandlerMappingIntrospector.java:195) ~[spring-webmvc-6.1.8.jar:6.1.8]
	at org.springframework.web.filter.CompositeFilter$VirtualFilterChain.doFilter(CompositeFilter.java:113) ~[spring-web-6.1.8.jar:6.1.8]
	at org.springframework.web.filter.CompositeFilter.doFilter(CompositeFilter.java:74) ~[spring-web-6.1.8.jar:6.1.8]
	at org.springframework.security.config.annotation.web.configuration.WebMvcSecurityConfiguration$CompositeFilterChainProxy.doFilter(WebMvcSecurityConfiguration.java:230) ~[spring-security-config-6.3.0.jar:6.3.0]
	at org.springframework.web.filter.DelegatingFilterProxy.invokeDelegate(DelegatingFilterProxy.java:352) ~[spring-web-6.1.8.jar:6.1.8]
	at org.springframework.web.filter.DelegatingFilterProxy.doFilter(DelegatingFilterProxy.java:268) ~[spring-web-6.1.8.jar:6.1.8]
	at org.apache.catalina.core.ApplicationFilterChain.internalDoFilter(ApplicationFilterChain.java:164) ~[tomcat-embed-core-10.1.24.jar:10.1.24]
	at org.apache.catalina.core.ApplicationFilterChain.doFilter(ApplicationFilterChain.java:140) ~[tomcat-embed-core-10.1.24.jar:10.1.24]
	at org.springframework.web.filter.RequestContextFilter.doFilterInternal(RequestContextFilter.java:100) ~[spring-web-6.1.8.jar:6.1.8]
	at org.springframework.web.filter.OncePerRequestFilter.doFilter(OncePerRequestFilter.java:116) ~[spring-web-6.1.8.jar:6.1.8]
	at org.apache.catalina.core.ApplicationFilterChain.internalDoFilter(ApplicationFilterChain.java:164) ~[tomcat-embed-core-10.1.24.jar:10.1.24]
	at org.apache.catalina.core.ApplicationFilterChain.doFilter(ApplicationFilterChain.java:140) ~[tomcat-embed-core-10.1.24.jar:10.1.24]
	at org.springframework.web.filter.FormContentFilter.doFilterInternal(FormContentFilter.java:93) ~[spring-web-6.1.8.jar:6.1.8]
	at org.springframework.web.filter.OncePerRequestFilter.doFilter(OncePerRequestFilter.java:116) ~[spring-web-6.1.8.jar:6.1.8]
	at org.apache.catalina.core.ApplicationFilterChain.internalDoFilter(ApplicationFilterChain.java:164) ~[tomcat-embed-core-10.1.24.jar:10.1.24]
	at org.apache.catalina.core.ApplicationFilterChain.doFilter(ApplicationFilterChain.java:140) ~[tomcat-embed-core-10.1.24.jar:10.1.24]
	at org.springframework.web.filter.CharacterEncodingFilter.doFilterInternal(CharacterEncodingFilter.java:201) ~[spring-web-6.1.8.jar:6.1.8]
	at org.springframework.web.filter.OncePerRequestFilter.doFilter(OncePerRequestFilter.java:116) ~[spring-web-6.1.8.jar:6.1.8]
	at org.apache.catalina.core.ApplicationFilterChain.internalDoFilter(ApplicationFilterChain.java:164) ~[tomcat-embed-core-10.1.24.jar:10.1.24]
	at org.apache.catalina.core.ApplicationFilterChain.doFilter(ApplicationFilterChain.java:140) ~[tomcat-embed-core-10.1.24.jar:10.1.24]
	at org.apache.catalina.core.StandardWrapperValve.invoke(StandardWrapperValve.java:167) ~[tomcat-embed-core-10.1.24.jar:10.1.24]
	at org.apache.catalina.core.StandardContextValve.invoke(StandardContextValve.java:90) ~[tomcat-embed-core-10.1.24.jar:10.1.24]
	at org.apache.catalina.authenticator.AuthenticatorBase.invoke(AuthenticatorBase.java:482) ~[tomcat-embed-core-10.1.24.jar:10.1.24]
	at org.apache.catalina.core.StandardHostValve.invoke(StandardHostValve.java:115) ~[tomcat-embed-core-10.1.24.jar:10.1.24]
	at org.apache.catalina.valves.ErrorReportValve.invoke(ErrorReportValve.java:93) ~[tomcat-embed-core-10.1.24.jar:10.1.24]
	at org.apache.catalina.core.StandardEngineValve.invoke(StandardEngineValve.java:74) ~[tomcat-embed-core-10.1.24.jar:10.1.24]
	at org.apache.catalina.connector.CoyoteAdapter.service(CoyoteAdapter.java:344) ~[tomcat-embed-core-10.1.24.jar:10.1.24]
	at org.apache.coyote.http11.Http11Processor.service(Http11Processor.java:389) ~[tomcat-embed-core-10.1.24.jar:10.1.24]
	at org.apache.coyote.AbstractProcessorLight.process(AbstractProcessorLight.java:63) ~[tomcat-embed-core-10.1.24.jar:10.1.24]
	at org.apache.coyote.AbstractProtocol$ConnectionHandler.process(AbstractProtocol.java:896) ~[tomcat-embed-core-10.1.24.jar:10.1.24]
	at org.apache.tomcat.util.net.NioEndpoint$SocketProcessor.doRun(NioEndpoint.java:1741) ~[tomcat-embed-core-10.1.24.jar:10.1.24]
	at org.apache.tomcat.util.net.SocketProcessorBase.run(SocketProcessorBase.java:52) ~[tomcat-embed-core-10.1.24.jar:10.1.24]
	at org.apache.tomcat.util.threads.ThreadPoolExecutor.runWorker(ThreadPoolExecutor.java:1190) ~[tomcat-embed-core-10.1.24.jar:10.1.24]
	at org.apache.tomcat.util.threads.ThreadPoolExecutor$Worker.run(ThreadPoolExecutor.java:659) ~[tomcat-embed-core-10.1.24.jar:10.1.24]
	at org.apache.tomcat.util.threads.TaskThread$WrappingRunnable.run(TaskThread.java:63) ~[tomcat-embed-core-10.1.24.jar:10.1.24]
	at java.base/java.lang.Thread.run(Thread.java:1589) ~[na:na]

2024-06-01T23:17:01.924+03:00 DEBUG 43340 --- [http-nio-8080-exec-2] o.s.security.web.FilterChainProxy        : Securing GET /error
2024-06-01T23:17:01.925+03:00 DEBUG 43340 --- [http-nio-8080-exec-2] o.s.s.w.a.AnonymousAuthenticationFilter  : Set SecurityContextHolder to anonymous SecurityContext
2024-06-01T23:17:01.925+03:00 DEBUG 43340 --- [http-nio-8080-exec-2] o.s.s.w.a.Http403ForbiddenEntryPoint     : Pre-authenticated entry point called. Rejecting access
2024-06-01T23:19:02.097+03:00 DEBUG 43340 --- [http-nio-8080-exec-10] o.s.security.web.FilterChainProxy        : Securing GET /profile/4/favorites
2024-06-01T23:19:02.105+03:00 DEBUG 43340 --- [http-nio-8080-exec-10] o.s.security.web.FilterChainProxy        : Secured GET /profile/4/favorites
2024-06-01T23:19:02.185+03:00 DEBUG 43340 --- [http-nio-8080-exec-1] o.s.security.web.FilterChainProxy        : Securing GET /favicon.ico
2024-06-01T23:19:02.193+03:00 DEBUG 43340 --- [http-nio-8080-exec-1] o.s.security.web.FilterChainProxy        : Secured GET /favicon.ico
2024-06-01T23:19:02.198+03:00 DEBUG 43340 --- [http-nio-8080-exec-1] o.s.security.web.FilterChainProxy        : Securing GET /error
2024-06-01T23:19:02.198+03:00 DEBUG 43340 --- [http-nio-8080-exec-1] o.s.s.w.a.AnonymousAuthenticationFilter  : Set SecurityContextHolder to anonymous SecurityContext
2024-06-01T23:19:02.198+03:00 DEBUG 43340 --- [http-nio-8080-exec-1] o.s.s.w.a.Http403ForbiddenEntryPoint     : Pre-authenticated entry point called. Rejecting access
2024-06-01T23:19:05.489+03:00 DEBUG 43340 --- [http-nio-8080-exec-4] o.s.security.web.FilterChainProxy        : Securing GET /profile/4
2024-06-01T23:19:05.496+03:00 DEBUG 43340 --- [http-nio-8080-exec-4] o.s.security.web.FilterChainProxy        : Secured GET /profile/4
2024-06-01T23:19:05.520+03:00 DEBUG 43340 --- [http-nio-8080-exec-5] o.s.security.web.FilterChainProxy        : Securing GET /uploads/1717271689121_Без названия.png
2024-06-01T23:19:05.529+03:00 DEBUG 43340 --- [http-nio-8080-exec-5] o.s.security.web.FilterChainProxy        : Secured GET /uploads/1717271689121_Без названия.png
2024-06-01T23:19:05.538+03:00 DEBUG 43340 --- [http-nio-8080-exec-3] o.s.security.web.FilterChainProxy        : Securing GET /favicon.ico
2024-06-01T23:19:05.546+03:00 DEBUG 43340 --- [http-nio-8080-exec-3] o.s.security.web.FilterChainProxy        : Secured GET /favicon.ico
2024-06-01T23:19:05.548+03:00 DEBUG 43340 --- [http-nio-8080-exec-3] o.s.security.web.FilterChainProxy        : Securing GET /error
2024-06-01T23:19:05.549+03:00 DEBUG 43340 --- [http-nio-8080-exec-3] o.s.s.w.a.AnonymousAuthenticationFilter  : Set SecurityContextHolder to anonymous SecurityContext
2024-06-01T23:19:05.550+03:00 DEBUG 43340 --- [http-nio-8080-exec-3] o.s.s.w.a.Http403ForbiddenEntryPoint     : Pre-authenticated entry point called. Rejecting access
2024-06-01T23:19:07.534+03:00 DEBUG 43340 --- [http-nio-8080-exec-2] o.s.security.web.FilterChainProxy        : Securing GET /profile/favorites
2024-06-01T23:19:07.542+03:00 DEBUG 43340 --- [http-nio-8080-exec-2] o.s.security.web.FilterChainProxy        : Secured GET /profile/favorites
2024-06-01T23:19:07.571+03:00 DEBUG 43340 --- [http-nio-8080-exec-6] o.s.security.web.FilterChainProxy        : Securing GET /favicon.ico
2024-06-01T23:19:07.580+03:00 DEBUG 43340 --- [http-nio-8080-exec-6] o.s.security.web.FilterChainProxy        : Secured GET /favicon.ico
2024-06-01T23:19:07.582+03:00 DEBUG 43340 --- [http-nio-8080-exec-6] o.s.security.web.FilterChainProxy        : Securing GET /error
2024-06-01T23:19:07.582+03:00 DEBUG 43340 --- [http-nio-8080-exec-6] o.s.s.w.a.AnonymousAuthenticationFilter  : Set SecurityContextHolder to anonymous SecurityContext
2024-06-01T23:19:07.583+03:00 DEBUG 43340 --- [http-nio-8080-exec-6] o.s.s.w.a.Http403ForbiddenEntryPoint     : Pre-authenticated entry point called. Rejecting access
2024-06-01T23:19:09.006+03:00 DEBUG 43340 --- [http-nio-8080-exec-8] o.s.security.web.FilterChainProxy        : Securing GET /profile/4
2024-06-01T23:19:09.014+03:00 DEBUG 43340 --- [http-nio-8080-exec-8] o.s.security.web.FilterChainProxy        : Secured GET /profile/4
2024-06-01T23:19:09.037+03:00 DEBUG 43340 --- [http-nio-8080-exec-7] o.s.security.web.FilterChainProxy        : Securing GET /favicon.ico
2024-06-01T23:19:09.045+03:00 DEBUG 43340 --- [http-nio-8080-exec-7] o.s.security.web.FilterChainProxy        : Secured GET /favicon.ico
2024-06-01T23:19:09.047+03:00 DEBUG 43340 --- [http-nio-8080-exec-7] o.s.security.web.FilterChainProxy        : Securing GET /error
2024-06-01T23:19:09.048+03:00 DEBUG 43340 --- [http-nio-8080-exec-7] o.s.s.w.a.AnonymousAuthenticationFilter  : Set SecurityContextHolder to anonymous SecurityContext
2024-06-01T23:19:09.048+03:00 DEBUG 43340 --- [http-nio-8080-exec-7] o.s.s.w.a.Http403ForbiddenEntryPoint     : Pre-authenticated entry point called. Rejecting access
2024-06-01T23:19:09.650+03:00 DEBUG 43340 --- [http-nio-8080-exec-9] o.s.security.web.FilterChainProxy        : Securing GET /vacancies
2024-06-01T23:19:09.657+03:00 DEBUG 43340 --- [http-nio-8080-exec-9] o.s.security.web.FilterChainProxy        : Secured GET /vacancies
2024-06-01T23:19:09.708+03:00 DEBUG 43340 --- [http-nio-8080-exec-10] o.s.security.web.FilterChainProxy        : Securing GET /uploads/1717269742619_fc24eee000054dd519cd5e5389ca0039.jpg
2024-06-01T23:19:09.709+03:00 DEBUG 43340 --- [http-nio-8080-exec-4] o.s.security.web.FilterChainProxy        : Securing GET /uploads/1717269988202_1694334404138966000.jpg
2024-06-01T23:19:09.709+03:00 DEBUG 43340 --- [http-nio-8080-exec-1] o.s.security.web.FilterChainProxy        : Securing GET /uploads/1717269844271_ff5c3f3db06fc1abf557d3281ecf9801.jpg
2024-06-01T23:19:09.716+03:00 DEBUG 43340 --- [http-nio-8080-exec-1] o.s.security.web.FilterChainProxy        : Secured GET /uploads/1717269844271_ff5c3f3db06fc1abf557d3281ecf9801.jpg
2024-06-01T23:19:09.716+03:00 DEBUG 43340 --- [http-nio-8080-exec-10] o.s.security.web.FilterChainProxy        : Secured GET /uploads/1717269742619_fc24eee000054dd519cd5e5389ca0039.jpg
2024-06-01T23:19:09.716+03:00 DEBUG 43340 --- [http-nio-8080-exec-4] o.s.security.web.FilterChainProxy        : Secured GET /uploads/1717269988202_1694334404138966000.jpg
2024-06-01T23:19:09.744+03:00 DEBUG 43340 --- [http-nio-8080-exec-5] o.s.security.web.FilterChainProxy        : Securing GET /favicon.ico
2024-06-01T23:19:09.772+03:00 DEBUG 43340 --- [http-nio-8080-exec-5] o.s.security.web.FilterChainProxy        : Secured GET /favicon.ico
2024-06-01T23:19:09.778+03:00 DEBUG 43340 --- [http-nio-8080-exec-5] o.s.security.web.FilterChainProxy        : Securing GET /error
2024-06-01T23:19:09.779+03:00 DEBUG 43340 --- [http-nio-8080-exec-5] o.s.s.w.a.AnonymousAuthenticationFilter  : Set SecurityContextHolder to anonymous SecurityContext
2024-06-01T23:19:09.779+03:00 DEBUG 43340 --- [http-nio-8080-exec-5] o.s.s.w.a.Http403ForbiddenEntryPoint     : Pre-authenticated entry point called. Rejecting access
2024-06-01T23:19:13.277+03:00 DEBUG 43340 --- [http-nio-8080-exec-3] o.s.security.web.FilterChainProxy        : Securing POST /vacancies/favorite/10
2024-06-01T23:19:13.288+03:00 DEBUG 43340 --- [http-nio-8080-exec-3] o.s.security.web.FilterChainProxy        : Secured POST /vacancies/favorite/10
2024-06-01T23:19:13.329+03:00 DEBUG 43340 --- [http-nio-8080-exec-2] o.s.security.web.FilterChainProxy        : Securing GET /vacancies
2024-06-01T23:19:13.336+03:00 DEBUG 43340 --- [http-nio-8080-exec-2] o.s.security.web.FilterChainProxy        : Secured GET /vacancies
2024-06-01T23:19:15.589+03:00 DEBUG 43340 --- [http-nio-8080-exec-6] o.s.security.web.FilterChainProxy        : Securing GET /profile/favorites
2024-06-01T23:19:15.596+03:00 DEBUG 43340 --- [http-nio-8080-exec-6] o.s.security.web.FilterChainProxy        : Secured GET /profile/favorites
2024-06-01T23:19:15.620+03:00 DEBUG 43340 --- [http-nio-8080-exec-8] o.s.security.web.FilterChainProxy        : Securing GET /favicon.ico
2024-06-01T23:19:15.626+03:00 DEBUG 43340 --- [http-nio-8080-exec-8] o.s.security.web.FilterChainProxy        : Secured GET /favicon.ico
2024-06-01T23:19:15.629+03:00 DEBUG 43340 --- [http-nio-8080-exec-8] o.s.security.web.FilterChainProxy        : Securing GET /error
2024-06-01T23:19:15.629+03:00 DEBUG 43340 --- [http-nio-8080-exec-8] o.s.s.w.a.AnonymousAuthenticationFilter  : Set SecurityContextHolder to anonymous SecurityContext
2024-06-01T23:19:15.630+03:00 DEBUG 43340 --- [http-nio-8080-exec-8] o.s.s.w.a.Http403ForbiddenEntryPoint     : Pre-authenticated entry point called. Rejecting access
2024-06-01T23:19:16.849+03:00 DEBUG 43340 --- [http-nio-8080-exec-7] o.s.security.web.FilterChainProxy        : Securing GET /vacancies
2024-06-01T23:19:16.856+03:00 DEBUG 43340 --- [http-nio-8080-exec-7] o.s.security.web.FilterChainProxy        : Secured GET /vacancies
2024-06-01T23:19:16.889+03:00 DEBUG 43340 --- [http-nio-8080-exec-9] o.s.security.web.FilterChainProxy        : Securing GET /uploads/1717269742619_fc24eee000054dd519cd5e5389ca0039.jpg
2024-06-01T23:19:16.889+03:00 DEBUG 43340 --- [http-nio-8080-exec-10] o.s.security.web.FilterChainProxy        : Securing GET /uploads/1717269988202_1694334404138966000.jpg
2024-06-01T23:19:16.889+03:00 DEBUG 43340 --- [http-nio-8080-exec-1] o.s.security.web.FilterChainProxy        : Securing GET /uploads/1717269844271_ff5c3f3db06fc1abf557d3281ecf9801.jpg
2024-06-01T23:19:16.897+03:00 DEBUG 43340 --- [http-nio-8080-exec-10] o.s.security.web.FilterChainProxy        : Secured GET /uploads/1717269988202_1694334404138966000.jpg
2024-06-01T23:19:16.897+03:00 DEBUG 43340 --- [http-nio-8080-exec-1] o.s.security.web.FilterChainProxy        : Secured GET /uploads/1717269844271_ff5c3f3db06fc1abf557d3281ecf9801.jpg
2024-06-01T23:19:16.897+03:00 DEBUG 43340 --- [http-nio-8080-exec-9] o.s.security.web.FilterChainProxy        : Secured GET /uploads/1717269742619_fc24eee000054dd519cd5e5389ca0039.jpg
2024-06-01T23:19:16.909+03:00 DEBUG 43340 --- [http-nio-8080-exec-4] o.s.security.web.FilterChainProxy        : Securing GET /favicon.ico
2024-06-01T23:19:16.919+03:00 DEBUG 43340 --- [http-nio-8080-exec-4] o.s.security.web.FilterChainProxy        : Secured GET /favicon.ico
2024-06-01T23:19:16.923+03:00 DEBUG 43340 --- [http-nio-8080-exec-4] o.s.security.web.FilterChainProxy        : Securing GET /error
2024-06-01T23:19:16.923+03:00 DEBUG 43340 --- [http-nio-8080-exec-4] o.s.s.w.a.AnonymousAuthenticationFilter  : Set SecurityContextHolder to anonymous SecurityContext
2024-06-01T23:19:16.924+03:00 DEBUG 43340 --- [http-nio-8080-exec-4] o.s.s.w.a.Http403ForbiddenEntryPoint     : Pre-authenticated entry point called. Rejecting access
2024-06-01T23:19:29.691+03:00 DEBUG 43340 --- [http-nio-8080-exec-5] o.s.security.web.FilterChainProxy        : Securing GET /users
2024-06-01T23:19:29.698+03:00 DEBUG 43340 --- [http-nio-8080-exec-5] o.s.security.web.FilterChainProxy        : Secured GET /users
2024-06-01T23:19:29.720+03:00 DEBUG 43340 --- [http-nio-8080-exec-3] o.s.security.web.FilterChainProxy        : Securing GET /uploads/1717251705451_2ad206050f989bf5c6afaf617cbaa9c2.jpg
2024-06-01T23:19:29.720+03:00 DEBUG 43340 --- [http-nio-8080-exec-8] o.s.security.web.FilterChainProxy        : Securing GET /uploads/1717271667912_2ad206050f989bf5c6afaf617cbaa9c2.jpg
2024-06-01T23:19:29.720+03:00 DEBUG 43340 --- [http-nio-8080-exec-2] o.s.security.web.FilterChainProxy        : Securing GET /uploads/null
2024-06-01T23:19:29.720+03:00 DEBUG 43340 --- [http-nio-8080-exec-6] o.s.security.web.FilterChainProxy        : Securing GET /uploads/1717271689121_Без названия.png
2024-06-01T23:19:29.728+03:00 DEBUG 43340 --- [http-nio-8080-exec-8] o.s.security.web.FilterChainProxy        : Secured GET /uploads/1717271667912_2ad206050f989bf5c6afaf617cbaa9c2.jpg
2024-06-01T23:19:29.728+03:00 DEBUG 43340 --- [http-nio-8080-exec-6] o.s.security.web.FilterChainProxy        : Secured GET /uploads/1717271689121_Без названия.png
2024-06-01T23:19:29.729+03:00 DEBUG 43340 --- [http-nio-8080-exec-3] o.s.security.web.FilterChainProxy        : Secured GET /uploads/1717251705451_2ad206050f989bf5c6afaf617cbaa9c2.jpg
2024-06-01T23:19:29.729+03:00 DEBUG 43340 --- [http-nio-8080-exec-2] o.s.security.web.FilterChainProxy        : Secured GET /uploads/null
2024-06-01T23:19:29.732+03:00 DEBUG 43340 --- [http-nio-8080-exec-3] o.s.security.web.FilterChainProxy        : Securing GET /error
2024-06-01T23:19:29.732+03:00 DEBUG 43340 --- [http-nio-8080-exec-2] o.s.security.web.FilterChainProxy        : Securing GET /error
2024-06-01T23:19:29.733+03:00 DEBUG 43340 --- [http-nio-8080-exec-3] o.s.s.w.a.AnonymousAuthenticationFilter  : Set SecurityContextHolder to anonymous SecurityContext
2024-06-01T23:19:29.733+03:00 DEBUG 43340 --- [http-nio-8080-exec-2] o.s.s.w.a.AnonymousAuthenticationFilter  : Set SecurityContextHolder to anonymous SecurityContext
2024-06-01T23:19:29.733+03:00 DEBUG 43340 --- [http-nio-8080-exec-3] o.s.s.w.a.Http403ForbiddenEntryPoint     : Pre-authenticated entry point called. Rejecting access
2024-06-01T23:19:29.733+03:00 DEBUG 43340 --- [http-nio-8080-exec-2] o.s.s.w.a.Http403ForbiddenEntryPoint     : Pre-authenticated entry point called. Rejecting access
2024-06-01T23:19:29.738+03:00 DEBUG 43340 --- [http-nio-8080-exec-7] o.s.security.web.FilterChainProxy        : Securing GET /images/default-avatar.png
2024-06-01T23:19:29.746+03:00 DEBUG 43340 --- [http-nio-8080-exec-7] o.s.security.web.FilterChainProxy        : Secured GET /images/default-avatar.png
2024-06-01T23:19:29.753+03:00 DEBUG 43340 --- [http-nio-8080-exec-1] o.s.security.web.FilterChainProxy        : Securing GET /favicon.ico
2024-06-01T23:19:29.760+03:00 DEBUG 43340 --- [http-nio-8080-exec-1] o.s.security.web.FilterChainProxy        : Secured GET /favicon.ico
2024-06-01T23:19:29.764+03:00 DEBUG 43340 --- [http-nio-8080-exec-1] o.s.security.web.FilterChainProxy        : Securing GET /error
2024-06-01T23:19:29.764+03:00 DEBUG 43340 --- [http-nio-8080-exec-1] o.s.s.w.a.AnonymousAuthenticationFilter  : Set SecurityContextHolder to anonymous SecurityContext
2024-06-01T23:19:29.764+03:00 DEBUG 43340 --- [http-nio-8080-exec-1] o.s.s.w.a.Http403ForbiddenEntryPoint     : Pre-authenticated entry point called. Rejecting access
2024-06-01T23:19:31.124+03:00 DEBUG 43340 --- [http-nio-8080-exec-10] o.s.security.web.FilterChainProxy        : Securing GET /profile/3
2024-06-01T23:19:31.130+03:00 DEBUG 43340 --- [http-nio-8080-exec-10] o.s.security.web.FilterChainProxy        : Secured GET /profile/3
2024-06-01T23:19:31.150+03:00 DEBUG 43340 --- [http-nio-8080-exec-9] o.s.security.web.FilterChainProxy        : Securing GET /uploads/1717271667912_2ad206050f989bf5c6afaf617cbaa9c2.jpg
2024-06-01T23:19:31.157+03:00 DEBUG 43340 --- [http-nio-8080-exec-9] o.s.security.web.FilterChainProxy        : Secured GET /uploads/1717271667912_2ad206050f989bf5c6afaf617cbaa9c2.jpg
2024-06-01T23:19:31.165+03:00 DEBUG 43340 --- [http-nio-8080-exec-4] o.s.security.web.FilterChainProxy        : Securing GET /favicon.ico
2024-06-01T23:19:31.172+03:00 DEBUG 43340 --- [http-nio-8080-exec-4] o.s.security.web.FilterChainProxy        : Secured GET /favicon.ico
2024-06-01T23:19:31.174+03:00 DEBUG 43340 --- [http-nio-8080-exec-4] o.s.security.web.FilterChainProxy        : Securing GET /error
2024-06-01T23:19:31.175+03:00 DEBUG 43340 --- [http-nio-8080-exec-4] o.s.s.w.a.AnonymousAuthenticationFilter  : Set SecurityContextHolder to anonymous SecurityContext
2024-06-01T23:19:31.175+03:00 DEBUG 43340 --- [http-nio-8080-exec-4] o.s.s.w.a.Http403ForbiddenEntryPoint     : Pre-authenticated entry point called. Rejecting access
2024-06-01T23:19:31.725+03:00 DEBUG 43340 --- [http-nio-8080-exec-5] o.s.security.web.FilterChainProxy        : Securing GET /profile/3/favorites
2024-06-01T23:19:31.732+03:00 DEBUG 43340 --- [http-nio-8080-exec-5] o.s.security.web.FilterChainProxy        : Secured GET /profile/3/favorites
2024-06-01T23:19:31.755+03:00 DEBUG 43340 --- [http-nio-8080-exec-6] o.s.security.web.FilterChainProxy        : Securing GET /favicon.ico
2024-06-01T23:19:31.762+03:00 DEBUG 43340 --- [http-nio-8080-exec-6] o.s.security.web.FilterChainProxy        : Secured GET /favicon.ico
2024-06-01T23:19:31.764+03:00 DEBUG 43340 --- [http-nio-8080-exec-6] o.s.security.web.FilterChainProxy        : Securing GET /error
2024-06-01T23:19:31.765+03:00 DEBUG 43340 --- [http-nio-8080-exec-6] o.s.s.w.a.AnonymousAuthenticationFilter  : Set SecurityContextHolder to anonymous SecurityContext
2024-06-01T23:19:31.765+03:00 DEBUG 43340 --- [http-nio-8080-exec-6] o.s.s.w.a.Http403ForbiddenEntryPoint     : Pre-authenticated entry point called. Rejecting access
2024-06-01T23:19:32.869+03:00 DEBUG 43340 --- [http-nio-8080-exec-8] o.s.security.web.FilterChainProxy        : Securing GET /profile/3
2024-06-01T23:19:32.875+03:00 DEBUG 43340 --- [http-nio-8080-exec-8] o.s.security.web.FilterChainProxy        : Secured GET /profile/3
2024-06-01T23:19:32.897+03:00 DEBUG 43340 --- [http-nio-8080-exec-2] o.s.security.web.FilterChainProxy        : Securing GET /favicon.ico
2024-06-01T23:19:32.905+03:00 DEBUG 43340 --- [http-nio-8080-exec-2] o.s.security.web.FilterChainProxy        : Secured GET /favicon.ico
2024-06-01T23:19:32.906+03:00 DEBUG 43340 --- [http-nio-8080-exec-2] o.s.security.web.FilterChainProxy        : Securing GET /error
2024-06-01T23:19:32.907+03:00 DEBUG 43340 --- [http-nio-8080-exec-2] o.s.s.w.a.AnonymousAuthenticationFilter  : Set SecurityContextHolder to anonymous SecurityContext
2024-06-01T23:19:32.907+03:00 DEBUG 43340 --- [http-nio-8080-exec-2] o.s.s.w.a.Http403ForbiddenEntryPoint     : Pre-authenticated entry point called. Rejecting access
2024-06-01T23:19:33.347+03:00 DEBUG 43340 --- [http-nio-8080-exec-3] o.s.security.web.FilterChainProxy        : Securing GET /users
2024-06-01T23:19:33.355+03:00 DEBUG 43340 --- [http-nio-8080-exec-3] o.s.security.web.FilterChainProxy        : Secured GET /users
2024-06-01T23:19:33.374+03:00 DEBUG 43340 --- [http-nio-8080-exec-7] o.s.security.web.FilterChainProxy        : Securing GET /uploads/1717251705451_2ad206050f989bf5c6afaf617cbaa9c2.jpg
2024-06-01T23:19:33.376+03:00 DEBUG 43340 --- [http-nio-8080-exec-1] o.s.security.web.FilterChainProxy        : Securing GET /uploads/null
2024-06-01T23:19:33.383+03:00 DEBUG 43340 --- [http-nio-8080-exec-7] o.s.security.web.FilterChainProxy        : Secured GET /uploads/1717251705451_2ad206050f989bf5c6afaf617cbaa9c2.jpg
2024-06-01T23:19:33.383+03:00 DEBUG 43340 --- [http-nio-8080-exec-1] o.s.security.web.FilterChainProxy        : Secured GET /uploads/null
2024-06-01T23:19:33.386+03:00 DEBUG 43340 --- [http-nio-8080-exec-7] o.s.security.web.FilterChainProxy        : Securing GET /error
2024-06-01T23:19:33.386+03:00 DEBUG 43340 --- [http-nio-8080-exec-1] o.s.security.web.FilterChainProxy        : Securing GET /error
2024-06-01T23:19:33.387+03:00 DEBUG 43340 --- [http-nio-8080-exec-7] o.s.s.w.a.AnonymousAuthenticationFilter  : Set SecurityContextHolder to anonymous SecurityContext
2024-06-01T23:19:33.387+03:00 DEBUG 43340 --- [http-nio-8080-exec-1] o.s.s.w.a.AnonymousAuthenticationFilter  : Set SecurityContextHolder to anonymous SecurityContext
2024-06-01T23:19:33.387+03:00 DEBUG 43340 --- [http-nio-8080-exec-7] o.s.s.w.a.Http403ForbiddenEntryPoint     : Pre-authenticated entry point called. Rejecting access
2024-06-01T23:19:33.387+03:00 DEBUG 43340 --- [http-nio-8080-exec-1] o.s.s.w.a.Http403ForbiddenEntryPoint     : Pre-authenticated entry point called. Rejecting access
2024-06-01T23:19:33.395+03:00 DEBUG 43340 --- [http-nio-8080-exec-10] o.s.security.web.FilterChainProxy        : Securing GET /favicon.ico
2024-06-01T23:19:33.402+03:00 DEBUG 43340 --- [http-nio-8080-exec-10] o.s.security.web.FilterChainProxy        : Secured GET /favicon.ico
2024-06-01T23:19:33.404+03:00 DEBUG 43340 --- [http-nio-8080-exec-10] o.s.security.web.FilterChainProxy        : Securing GET /error
2024-06-01T23:19:33.404+03:00 DEBUG 43340 --- [http-nio-8080-exec-10] o.s.s.w.a.AnonymousAuthenticationFilter  : Set SecurityContextHolder to anonymous SecurityContext
2024-06-01T23:19:33.404+03:00 DEBUG 43340 --- [http-nio-8080-exec-10] o.s.s.w.a.Http403ForbiddenEntryPoint     : Pre-authenticated entry point called. Rejecting access
2024-06-01T23:19:34.150+03:00 DEBUG 43340 --- [http-nio-8080-exec-9] o.s.security.web.FilterChainProxy        : Securing GET /profile/4
2024-06-01T23:19:34.157+03:00 DEBUG 43340 --- [http-nio-8080-exec-9] o.s.security.web.FilterChainProxy        : Secured GET /profile/4
2024-06-01T23:19:34.176+03:00 DEBUG 43340 --- [http-nio-8080-exec-4] o.s.security.web.FilterChainProxy        : Securing GET /uploads/1717271689121_Без названия.png
2024-06-01T23:19:34.183+03:00 DEBUG 43340 --- [http-nio-8080-exec-4] o.s.security.web.FilterChainProxy        : Secured GET /uploads/1717271689121_Без названия.png
2024-06-01T23:19:34.192+03:00 DEBUG 43340 --- [http-nio-8080-exec-5] o.s.security.web.FilterChainProxy        : Securing GET /favicon.ico
2024-06-01T23:19:34.201+03:00 DEBUG 43340 --- [http-nio-8080-exec-5] o.s.security.web.FilterChainProxy        : Secured GET /favicon.ico
2024-06-01T23:19:34.203+03:00 DEBUG 43340 --- [http-nio-8080-exec-5] o.s.security.web.FilterChainProxy        : Securing GET /error
2024-06-01T23:19:34.203+03:00 DEBUG 43340 --- [http-nio-8080-exec-5] o.s.s.w.a.AnonymousAuthenticationFilter  : Set SecurityContextHolder to anonymous SecurityContext
2024-06-01T23:19:34.204+03:00 DEBUG 43340 --- [http-nio-8080-exec-5] o.s.s.w.a.Http403ForbiddenEntryPoint     : Pre-authenticated entry point called. Rejecting access
2024-06-01T23:19:34.859+03:00 DEBUG 43340 --- [http-nio-8080-exec-6] o.s.security.web.FilterChainProxy        : Securing GET /profile/4/favorites
2024-06-01T23:19:34.866+03:00 DEBUG 43340 --- [http-nio-8080-exec-6] o.s.security.web.FilterChainProxy        : Secured GET /profile/4/favorites
2024-06-01T23:19:34.889+03:00 DEBUG 43340 --- [http-nio-8080-exec-8] o.s.security.web.FilterChainProxy        : Securing GET /favicon.ico
2024-06-01T23:19:34.896+03:00 DEBUG 43340 --- [http-nio-8080-exec-8] o.s.security.web.FilterChainProxy        : Secured GET /favicon.ico
2024-06-01T23:19:34.899+03:00 DEBUG 43340 --- [http-nio-8080-exec-8] o.s.security.web.FilterChainProxy        : Securing GET /error
2024-06-01T23:19:34.899+03:00 DEBUG 43340 --- [http-nio-8080-exec-8] o.s.s.w.a.AnonymousAuthenticationFilter  : Set SecurityContextHolder to anonymous SecurityContext
2024-06-01T23:19:34.899+03:00 DEBUG 43340 --- [http-nio-8080-exec-8] o.s.s.w.a.Http403ForbiddenEntryPoint     : Pre-authenticated entry point called. Rejecting access
2024-06-01T23:19:35.988+03:00 DEBUG 43340 --- [http-nio-8080-exec-2] o.s.security.web.FilterChainProxy        : Securing GET /profile/4
2024-06-01T23:19:35.995+03:00 DEBUG 43340 --- [http-nio-8080-exec-2] o.s.security.web.FilterChainProxy        : Secured GET /profile/4
2024-06-01T23:19:36.018+03:00 DEBUG 43340 --- [http-nio-8080-exec-3] o.s.security.web.FilterChainProxy        : Securing GET /uploads/1717271689121_Без названия.png
2024-06-01T23:19:36.025+03:00 DEBUG 43340 --- [http-nio-8080-exec-3] o.s.security.web.FilterChainProxy        : Secured GET /uploads/1717271689121_Без названия.png
2024-06-01T23:19:36.034+03:00 DEBUG 43340 --- [http-nio-8080-exec-1] o.s.security.web.FilterChainProxy        : Securing GET /favicon.ico
2024-06-01T23:19:36.042+03:00 DEBUG 43340 --- [http-nio-8080-exec-1] o.s.security.web.FilterChainProxy        : Secured GET /favicon.ico
2024-06-01T23:19:36.046+03:00 DEBUG 43340 --- [http-nio-8080-exec-1] o.s.security.web.FilterChainProxy        : Securing GET /error
2024-06-01T23:19:36.046+03:00 DEBUG 43340 --- [http-nio-8080-exec-1] o.s.s.w.a.AnonymousAuthenticationFilter  : Set SecurityContextHolder to anonymous SecurityContext
2024-06-01T23:19:36.047+03:00 DEBUG 43340 --- [http-nio-8080-exec-1] o.s.s.w.a.Http403ForbiddenEntryPoint     : Pre-authenticated entry point called. Rejecting access
